   1:				
   2:    0+10	0000  31FF0F  	    LD SP, 0FFFH
   3:   10+7	0003  3E3F    	    LD A, 3FH
   4:   17+11	0005  D303    	    OUT 03H
   5:   28+11	0007  D306    	    OUT 06H
   6:   39+11	0009  D307    	    OUT 07H
   7:   50+7	000B  3E7F    	    LD A, 7FH
   8:   57+11	000D  D302    	    OUT 02H
   9:   68+7	000F  2600    	    LD H, 00H
  10:   75+7	0011  2E00    	    LD L, 00H
  11:   82+7	0013  0680    	 START:   LD B, 80H
  12:   89+7	0015  0E01    	    LD C, 01H
  13:   96+7	0017  1614    	    LD D,14H
  14:  103+7	0019  3E00    	    LD A,00H
  15:  110+11	001B  D301    	    OUT(01H)
  16:  121+11	001D  D304    	    OUT(04H)
  17:  132+11	001F  D305    	    OUT(05H)
  18:  143+11	0021  DB00    	  IN A, (00H)
  19:  154+7	0023  FE00    	    CP 00H
  20:				
  21:  161+4	0025  5F      	    LD E, A
  22:  165+4	0026  78      	    LD A, B
  23:  169+4	0027  BB      	    CP E
  24:				
  25:  173+4	0028  BB      	    CP E
  26:  177+4	0029  00      	    NOP
  27:  181+4	002A  00      	    NOP
  28:  185+10	002B  C31300  	   JP START 
  29:  195+4	002E  00      	  NOP
  30:  199+4	002F  00      	   NOP
  31:  203+4	0030  00      	   NOP
  32:  207+4	0031  00      	   NOP
  33:				
  34:				
  35:  211+7	0032  3E20    	   LD A, 20H
  36:  218+11	0034  D301    	   OUT (01H)
  37:  229+7	0036  3E40    	   LD A, 40H
  38:  236+11	0038  D301    	   OUT (01H)
  39:  247+4	003A  00      	   NOP
  40:  251+4	003B  00      	   NOP
  41:  255+4	003C  00      	   NOP
  42:  259+4	003D  24      	   INC H
  43:  263+4	003E  7C      	   LD A, H
  44:  267+4	003F  27      	   DAA
  45:  271+11	0040  D305    	   OUT (05H)
  46:  282+10	0042  C35800  	   JP SPACE
  47:				 
  48:  292+7	0045  3E02    	   LD A, 02H
  49:  299+11	0047  D301    	   OUT (01H)
  50:  310+7	0049  3E08    	   LD A, 08H
  51:  317+11	004B  D301    	   OUT (01H)
  52:  328+4	004D  00      	   NOP
  53:  332+4	004E  00      	   NOP
  54:  336+4	004F  00      	   NOP
  55:  340+4	0050  2C      	   INC L
  56:  344+4	0051  7D      	   LD A, L
  57:  348+4	0052  27      	   DAA
  58:  352+11	0053  D304    	   OUT (04H)
  59:  363+10	0055  C35800  	   JP SPACE
  60:				 
  61:  373+4	0058  7C      	SPACE:   LD A, H
  62:  377+4	0059  95      	    SUB L
  63:  381+4	005A  BA      	    CP D
**** ff.asm ****
  64:  385+10	005B  C21300  	   JP NZ, START



Statistics:

     4	passes
     0	jr promotions
     2	symbols
    94	bytes



Symbol Table:

space             58     
start             13     
